
SQL*Loader: Release 11.2.0.1.0 - Production on Thu Dec 12 19:21:55 2019

Copyright (c) 1982, 2009, Oracle and/or its affiliates.  All rights reserved.

Control File:   /home/ab391926/05a_route.ctl
Data File:      /home/ab391926/05a_route.txt
  Bad File:     /home/ab391926/05a_route.bad
  Discard File:  none specified
 
 (Allow all discards)

Number to load: ALL
Number to skip: 0
Errors allowed: 50
Bind array:     64 rows, maximum of 256000 bytes
Continuation:    none specified
Path used:      Conventional

Table ROUTE, loaded from every logical record.
Insert option in effect for this table: APPEND

   Column Name                  Position   Len  Term Encl Datatype
------------------------------ ---------- ----- ---- ---- ---------------------
PROUTE                              FIRST     *   ,  O(") CHARACTER            
    SQL string for column : "NULL"
CROUTE                               NEXT     *   ,  O(") CHARACTER            
    SQL string for column : "NULL"
NLATORI                              NEXT     4           FLOAT                
NLONGORI                             NEXT     4           FLOAT                
NLATDES                              NEXT     4           FLOAT                
NLONGDES                             NEXT     4           FLOAT                
NDISTANCE                            NEXT     4           FLOAT                


Table ROUTE:
  23 Rows successfully loaded.
  0 Rows not loaded due to data errors.
  0 Rows not loaded because all WHEN clauses were failed.
  0 Rows not loaded because all fields were null.


Space allocated for bind array:                  34304 bytes(64 rows)
Read   buffer bytes: 1048576

Total logical records skipped:          0
Total logical records read:            23
Total logical records rejected:         0
Total logical records discarded:        0

Run began on Thu Dec 12 19:21:55 2019
Run ended on Thu Dec 12 19:21:55 2019

Elapsed time was:     00:00:00.08
CPU time was:         00:00:00.02
